This is XeTeX, Version 3.1415926-2.5-0.9999.3 (TeX Live 2013/Debian) (format=xelatex 2015.9.10)  16 DEC 2015 22:38
entering extended mode
 restricted \write18 enabled.
 %&-line parsing enabled.
**images/flow.tex
(./images/flow.tex
LaTeX2e <2011/06/27>
Babel <3.9h> and hyphenation patterns for 2 languages loaded.
! Undefined control sequence.
l.2 \tikzstyle
              {block} = [rectangle, draw, fill=blue!20,
? exit
 
Here is how much of TeX's memory you used:
 5 strings out of 495658
 51 string characters out of 6187951
 46029 words of memory out of 5000000
 3299 multiletter control sequences out of 15000+600000
 3640 words of font info for 14 fonts, out of 8000000 for 9000
 14 hyphenation exceptions out of 8191
 5i,0n,1p,74b,8s stack positions out of 5000i,500n,10000p,200000b,80000s
No pages of output.
